{"/Users/OCoendek/Desktop/repos/github/Nuxt3/projects/01-project/components/magazin/BenefitBanner/BenefitBanner.vue": {"path":"/Users/OCoendek/Desktop/repos/github/Nuxt3/projects/01-project/components/magazin/BenefitBanner/BenefitBanner.vue","statementMap":{"0":{"start":{"line":8,"column":18},"end":{"line":18,"column":null}},"1":{"start":{"line":2,"column":2},"end":{"line":3,"column":null}}},"fnMap":{},"branchMap":{},"s":{"0":1,"1":1},"f":{},"b":{}}
,"/Users/OCoendek/Desktop/repos/github/Nuxt3/projects/01-project/components/magazin/Divider/Divider.vue": {"path":"/Users/OCoendek/Desktop/repos/github/Nuxt3/projects/01-project/components/magazin/Divider/Divider.vue","statementMap":{"0":{"start":{"line":6,"column":15},"end":{"line":6,"column":null}},"1":{"start":{"line":7,"column":20},"end":{"line":7,"column":null}},"2":{"start":{"line":9,"column":18},"end":{"line":35,"column":null}},"3":{"start":{"line":14,"column":36},"end":{"line":14,"column":null}},"4":{"start":{"line":19,"column":36},"end":{"line":19,"column":null}},"5":{"start":{"line":24,"column":20},"end":{"line":32,"column":null}},"6":{"start":{"line":24,"column":36},"end":{"line":32,"column":6}},"7":{"start":{"line":33,"column":4},"end":{"line":33,"column":null}},"8":{"start":{"line":2,"column":2},"end":{"line":2,"column":40}}},"fnMap":{"0":{"name":"(anonymous_0)","decl":{"start":{"line":14,"column":17},"end":{"line":14,"column":18}},"loc":{"start":{"line":14,"column":36},"end":{"line":14,"column":null}}},"1":{"name":"(anonymous_1)","decl":{"start":{"line":19,"column":17},"end":{"line":19,"column":18}},"loc":{"start":{"line":19,"column":36},"end":{"line":19,"column":null}}},"2":{"name":"(anonymous_2)","decl":{"start":{"line":23,"column":2},"end":{"line":23,"column":8}},"loc":{"start":{"line":23,"column":15},"end":{"line":34,"column":null}}},"3":{"name":"(anonymous_3)","decl":{"start":{"line":24,"column":29},"end":{"line":24,"column":36}},"loc":{"start":{"line":24,"column":36},"end":{"line":32,"column":6}}}},"branchMap":{},"s":{"0":1,"1":1,"2":1,"3":1,"4":1,"5":1,"6":1,"7":1,"8":1},"f":{"0":1,"1":1,"2":1,"3":1},"b":{}}
,"/Users/OCoendek/Desktop/repos/github/Nuxt3/projects/01-project/components/magazin/Headline/Headline.vue": {"path":"/Users/OCoendek/Desktop/repos/github/Nuxt3/projects/01-project/components/magazin/Headline/Headline.vue","statementMap":{"0":{"start":{"line":25,"column":14},"end":{"line":25,"column":null}},"1":{"start":{"line":26,"column":16},"end":{"line":26,"column":null}},"2":{"start":{"line":28,"column":15},"end":{"line":112,"column":null}},"3":{"start":{"line":37,"column":36},"end":{"line":37,"column":null}},"4":{"start":{"line":46,"column":36},"end":{"line":46,"column":null}},"5":{"start":{"line":63,"column":18},"end":{"line":63,"column":null}},"6":{"start":{"line":64,"column":21},"end":{"line":64,"column":null}},"7":{"start":{"line":65,"column":4},"end":{"line":70,"column":null}},"8":{"start":{"line":72,"column":20},"end":{"line":106,"column":null}},"9":{"start":{"line":72,"column":36},"end":{"line":106,"column":6}},"10":{"start":{"line":107,"column":31},"end":{"line":109,"column":null}},"11":{"start":{"line":107,"column":47},"end":{"line":109,"column":6}},"12":{"start":{"line":110,"column":4},"end":{"line":110,"column":null}},"13":{"start":{"line":15,"column":29},"end":{"line":null,"column":-1}}},"fnMap":{"0":{"name":"(anonymous_0)","decl":{"start":{"line":37,"column":17},"end":{"line":37,"column":18}},"loc":{"start":{"line":37,"column":36},"end":{"line":37,"column":null}}},"1":{"name":"(anonymous_1)","decl":{"start":{"line":46,"column":17},"end":{"line":46,"column":18}},"loc":{"start":{"line":46,"column":36},"end":{"line":46,"column":null}}},"2":{"name":"(anonymous_2)","decl":{"start":{"line":62,"column":2},"end":{"line":62,"column":8}},"loc":{"start":{"line":62,"column":15},"end":{"line":111,"column":null}}},"3":{"name":"(anonymous_3)","decl":{"start":{"line":72,"column":29},"end":{"line":72,"column":36}},"loc":{"start":{"line":72,"column":36},"end":{"line":106,"column":6}}},"4":{"name":"(anonymous_4)","decl":{"start":{"line":107,"column":40},"end":{"line":107,"column":47}},"loc":{"start":{"line":107,"column":47},"end":{"line":109,"column":6}}},"5":{"name":"(anonymous_8)","decl":{"start":{"line":15,"column":6},"end":{"line":15,"column":15}},"loc":{"start":{"line":15,"column":29},"end":{"line":null,"column":-1}}}},"branchMap":{"0":{"loc":{"start":{"line":76,"column":9},"end":{"line":77,"column":null}},"type":"binary-expr","locations":[{"start":{"line":76,"column":9},"end":{"line":76,"column":32}},{"start":{"line":76,"column":32},"end":{"line":76,"column":null}},{"start":{"line":77,"column":9},"end":{"line":77,"column":24}},{"start":{"line":77,"column":24},"end":{"line":77,"column":48}},{"start":{"line":77,"column":48},"end":{"line":77,"column":null}}]},"1":{"loc":{"start":{"line":79,"column":9},"end":{"line":80,"column":null}},"type":"binary-expr","locations":[{"start":{"line":79,"column":9},"end":{"line":79,"column":31}},{"start":{"line":79,"column":31},"end":{"line":79,"column":null}},{"start":{"line":80,"column":9},"end":{"line":80,"column":24}},{"start":{"line":80,"column":24},"end":{"line":80,"column":48}},{"start":{"line":80,"column":48},"end":{"line":80,"column":null}}]},"2":{"loc":{"start":{"line":85,"column":9},"end":{"line":86,"column":null}},"type":"binary-expr","locations":[{"start":{"line":85,"column":9},"end":{"line":85,"column":32}},{"start":{"line":85,"column":32},"end":{"line":85,"column":null}},{"start":{"line":86,"column":9},"end":{"line":86,"column":24}},{"start":{"line":86,"column":24},"end":{"line":86,"column":48}},{"start":{"line":86,"column":48},"end":{"line":86,"column":null}}]},"3":{"loc":{"start":{"line":89,"column":8},"end":{"line":89,"column":null}},"type":"binary-expr","locations":[{"start":{"line":89,"column":8},"end":{"line":89,"column":23}},{"start":{"line":89,"column":23},"end":{"line":89,"column":47}},{"start":{"line":89,"column":47},"end":{"line":89,"column":null}}]},"4":{"loc":{"start":{"line":3,"column":9},"end":{"line":3,"column":null}},"type":"cond-expr","locations":[{"start":{"line":3,"column":17},"end":{"line":3,"column":22}},{"start":{"line":3,"column":22},"end":{"line":3,"column":null}}]},"5":{"loc":{"start":{"line":9,"column":12},"end":{"line":11,"column":null}},"type":"cond-expr","locations":[{"start":{"line":9,"column":29},"end":{"line":11,"column":null}},{"start":{"line":11,"column":12},"end":{"line":11,"column":null}}]}},"s":{"0":1,"1":1,"2":1,"3":0,"4":0,"5":1,"6":1,"7":1,"8":1,"9":1,"10":1,"11":1,"12":1,"13":1},"f":{"0":0,"1":0,"2":1,"3":1,"4":1,"5":1},"b":{"0":[1,0,1,1,0],"1":[1,0,1,1,1],"2":[1,0,1,1,0],"3":[1,1,0],"4":[1,0],"5":[1,0]}}
,"/Users/OCoendek/Desktop/repos/github/Nuxt3/projects/01-project/components/magazin/Image/Image.vue": {"path":"/Users/OCoendek/Desktop/repos/github/Nuxt3/projects/01-project/components/magazin/Image/Image.vue","statementMap":{"0":{"start":{"line":25,"column":18},"end":{"line":96,"column":null}},"1":{"start":{"line":59,"column":21},"end":{"line":59,"column":null}},"2":{"start":{"line":68,"column":19},"end":{"line":68,"column":null}},"3":{"start":{"line":69,"column":18},"end":{"line":69,"column":null}},"4":{"start":{"line":71,"column":6},"end":{"line":71,"column":null}},"5":{"start":{"line":72,"column":20},"end":{"line":77,"column":null}},"6":{"start":{"line":73,"column":53},"end":{"line":73,"column":null}},"7":{"start":{"line":74,"column":22},"end":{"line":74,"column":null}},"8":{"start":{"line":76,"column":6},"end":{"line":76,"column":null}},"9":{"start":{"line":78,"column":24},"end":{"line":83,"column":null}},"10":{"start":{"line":79,"column":53},"end":{"line":79,"column":null}},"11":{"start":{"line":80,"column":22},"end":{"line":80,"column":null}},"12":{"start":{"line":82,"column":6},"end":{"line":82,"column":null}},"13":{"start":{"line":84,"column":19},"end":{"line":88,"column":null}},"14":{"start":{"line":85,"column":6},"end":{"line":87,"column":null}},"15":{"start":{"line":86,"column":8},"end":{"line":86,"column":null}},"16":{"start":{"line":89,"column":4},"end":{"line":94,"column":null}},"17":{"start":{"line":2,"column":35},"end":{"line":2,"column":null}},"18":{"start":{"line":3,"column":4},"end":{"line":7,"column":null}},"19":{"start":{"line":13,"column":13},"end":{"line":13,"column":null}}},"fnMap":{"0":{"name":"(anonymous_0)","decl":{"start":{"line":59,"column":15},"end":{"line":59,"column":21}},"loc":{"start":{"line":59,"column":21},"end":{"line":59,"column":null}}},"1":{"name":"(anonymous_1)","decl":{"start":{"line":67,"column":2},"end":{"line":67,"column":8}},"loc":{"start":{"line":67,"column":15},"end":{"line":95,"column":null}}},"2":{"name":"(anonymous_2)","decl":{"start":{"line":72,"column":39},"end":{"line":72,"column":45}},"loc":{"start":{"line":72,"column":45},"end":{"line":77,"column":5}}},"3":{"name":"(anonymous_3)","decl":{"start":{"line":78,"column":41},"end":{"line":78,"column":47}},"loc":{"start":{"line":78,"column":47},"end":{"line":83,"column":5}}},"4":{"name":"(anonymous_4)","decl":{"start":{"line":84,"column":19},"end":{"line":84,"column":25}},"loc":{"start":{"line":84,"column":25},"end":{"line":88,"column":null}}},"5":{"name":"(anonymous_6)","decl":{"start":{"line":2,"column":33},"end":{"line":2,"column":35}},"loc":{"start":{"line":2,"column":35},"end":{"line":2,"column":null}}},"6":{"name":"(anonymous_8)","decl":{"start":{"line":13,"column":11},"end":{"line":13,"column":13}},"loc":{"start":{"line":13,"column":13},"end":{"line":13,"column":null}}}},"branchMap":{"0":{"loc":{"start":{"line":85,"column":6},"end":{"line":87,"column":null}},"type":"if","locations":[{"start":{"line":85,"column":6},"end":{"line":87,"column":null}},{"start":{"line":85,"column":6},"end":{"line":87,"column":null}}]},"1":{"loc":{"start":{"line":2,"column":33},"end":{"line":2,"column":null}},"type":"binary-expr","locations":[{"start":{"line":2,"column":33},"end":{"line":2,"column":35}},{"start":{"line":2,"column":33},"end":{"line":2,"column":null}}]},"2":{"loc":{"start":{"line":13,"column":11},"end":{"line":13,"column":null}},"type":"binary-expr","locations":[{"start":{"line":13,"column":11},"end":{"line":13,"column":13}},{"start":{"line":13,"column":11},"end":{"line":13,"column":null}}]},"3":{"loc":{"start":{"line":13,"column":13},"end":{"line":13,"column":null}},"type":"binary-expr","locations":[{"start":{"line":13,"column":13},"end":{"line":13,"column":null}},{"start":{"line":13,"column":13},"end":{"line":13,"column":null}}]}},"s":{"0":1,"1":1,"2":1,"3":1,"4":1,"5":1,"6":1,"7":1,"8":1,"9":1,"10":1,"11":1,"12":1,"13":1,"14":0,"15":0,"16":1,"17":0,"18":0,"19":0},"f":{"0":1,"1":1,"2":1,"3":1,"4":0,"5":0,"6":0},"b":{"0":[0,0],"1":[1,1],"2":[1,1],"3":[0,0]}}
}
